<?xml version="1.0" encoding="UTF-8"?>
<!-- Generated by org.testng.reporters.JUnitXMLReporter -->
<testsuite ignored="2" hostname="ATMECSINLT-083" failures="0" tests="2" name="Test" time="216.714" errors="0" timestamp="13 Nov 2019 14:55:03 GMT">
  <testcase classname="com.atmecs.heatclinic.testscripts.SelectProduct" name="testingHomePage" time="42.62"/>
  <testcase classname="com.atmecs.testscripts.SelectProducts" name="selectingFirstProduct" time="164.505"/>
  <testcase classname="com.atmecs.testbase.TestBase" name="@BeforeTest initializeBrowser" time="0.0">
    <ignored/>
  </testcase> <!-- @BeforeTest initializeBrowser -->
  <testcase classname="com.atmecs.testbase.TestBase" name="@AfterTest closeBrowser" time="0.0">
    <ignored/>
  </testcase> <!-- @AfterTest closeBrowser -->
</testsuite> <!-- Test -->
