<?xml version="1.0" encoding="UTF-8"?>
<!-- Generated by org.testng.reporters.JUnitXMLReporter -->
<testsuite hostname="ATMECSINLT-083" ignored="2" name="Test" tests="2" failures="0" timestamp="14 Nov 2019 05:58:22 GMT" time="39.015" errors="0">
  <testcase name="testingHomePage" time="8.964" classname="com.atmecs.heatclinic.testscripts.SelectProduct"/>
  <testcase name="selectingFirstProduct" time="11.837" classname="com.atmecs.testscripts.SelectProducts"/>
  <testcase name="@BeforeTest initializeBrowser" time="0.0" classname="com.atmecs.testbase.TestBase">
    <ignored/>
  </testcase> <!-- @BeforeTest initializeBrowser -->
  <testcase name="@AfterTest closeBrowser" time="0.0" classname="com.atmecs.testbase.TestBase">
    <ignored/>
  </testcase> <!-- @AfterTest closeBrowser -->
</testsuite> <!-- Test -->
