<?xml version="1.0" encoding="UTF-8"?>
<testng-results ignored="2" total="4" passed="2" failed="0" skipped="0">
  <reporter-output>
  </reporter-output>
  <suite started-at="2019-11-14T06:53:57Z" name="Suite" finished-at="2019-11-14T06:54:43Z" duration-ms="45865">
    <groups>
    </groups>
    <test started-at="2019-11-14T06:53:57Z" name="Test" finished-at="2019-11-14T06:54:43Z" duration-ms="45865">
      <class name="com.atmecs.testscripts.SelectProducts">
        <test-method is-config="true" signature="launchingUrl()[pri:0, instance:com.atmecs.testscripts.SelectProducts@79924b]" started-at="2019-11-14T06:54:19Z" name="launchingUrl" finished-at="2019-11-14T06:54:22Z" duration-ms="3211" status="PASS">
          <reporter-output>
          </reporter-output>
        </test-method> <!-- launchingUrl -->
        <test-method signature="selectingFirstProduct(java.lang.String, java.lang.String, java.lang.String, java.lang.String, java.lang.String)[pri:1, instance:com.atmecs.testscripts.SelectProducts@79924b]" started-at="2019-11-14T06:54:22Z" name="selectingFirstProduct" data-provider="inputValues" finished-at="2019-11-14T06:54:42Z" duration-ms="20294" status="PASS">
          <params>
            <param index="0">
              <value>
                <![CDATA[iphone]]>
              </value>
            </param>
            <param index="1">
              <value>
                <![CDATA[2]]>
              </value>
            </param>
            <param index="2">
              <value>
                <![CDATA[MacBook Air]]>
              </value>
            </param>
            <param index="3">
              <value>
                <![CDATA[3]]>
              </value>
            </param>
            <param index="4">
              <value>
                <![CDATA[Chairs]]>
              </value>
            </param>
          </params>
          <reporter-output>
          </reporter-output>
        </test-method> <!-- selectingFirstProduct -->
      </class> <!-- com.atmecs.testscripts.SelectProducts -->
      <class name="com.atmecs.heatclinic.testscripts.SelectProduct">
        <test-method is-config="true" signature="initializeBrowser()[pri:0, instance:com.atmecs.heatclinic.testscripts.SelectProduct@4fb0f2b9]" started-at="2019-11-14T06:53:57Z" name="initializeBrowser" finished-at="2019-11-14T06:54:00Z" duration-ms="2659" status="PASS">
          <reporter-output>
          </reporter-output>
        </test-method> <!-- initializeBrowser -->
        <test-method is-config="true" signature="launchingUrl()[pri:0, instance:com.atmecs.heatclinic.testscripts.SelectProduct@4fb0f2b9]" started-at="2019-11-14T06:54:00Z" name="launchingUrl" finished-at="2019-11-14T06:54:01Z" duration-ms="1409" status="PASS">
          <reporter-output>
          </reporter-output>
        </test-method> <!-- launchingUrl -->
        <test-method signature="testingHomePage(java.lang.String, java.lang.String)[pri:1, instance:com.atmecs.heatclinic.testscripts.SelectProduct@4fb0f2b9]" started-at="2019-11-14T06:54:02Z" name="testingHomePage" data-provider="inputValues" finished-at="2019-11-14T06:54:19Z" duration-ms="16580" status="PASS">
          <params>
            <param index="0">
              <value>
                <![CDATA[Anu]]>
              </value>
            </param>
            <param index="1">
              <value>
                <![CDATA[2]]>
              </value>
            </param>
          </params>
          <reporter-output>
          </reporter-output>
        </test-method> <!-- testingHomePage -->
        <test-method is-config="true" signature="closeBrowser()[pri:0, instance:com.atmecs.heatclinic.testscripts.SelectProduct@4fb0f2b9]" started-at="2019-11-14T06:54:42Z" name="closeBrowser" finished-at="2019-11-14T06:54:43Z" duration-ms="614" status="PASS">
          <reporter-output>
          </reporter-output>
        </test-method> <!-- closeBrowser -->
      </class> <!-- com.atmecs.heatclinic.testscripts.SelectProduct -->
    </test> <!-- Test -->
  </suite> <!-- Suite -->
</testng-results>
